<?xml version="1.0" encoding="UTF-8"?>
<testsuite xmlns:xsi="http://www.w3.org/2001/XMLSchema-instance" xsi:noNamespaceSchemaLocation="https://maven.apache.org/surefire/maven-surefire-plugin/xsd/surefire-test-report.xsd" name="pjatk.tau.ArrayListDietServiceTests" time="0.081" tests="7" errors="0" skipped="0" failures="0">
  <properties>
    <property name="sun.desktop" value="windows"/>
    <property name="awt.toolkit" value="sun.awt.windows.WToolkit"/>
    <property name="file.encoding.pkg" value="sun.io"/>
    <property name="java.specification.version" value="1.8"/>
    <property name="sun.cpu.isalist" value="amd64"/>
    <property name="sun.jnu.encoding" value="Cp1250"/>
    <property name="java.class.path" value="d:\dev\pja\tau-help\ex1\target\test-classes;d:\dev\pja\tau-help\ex1\target\classes;C:\Users\Grz\.m2\repository\junit\junit\4.12\junit-4.12.jar;C:\Users\Grz\.m2\repository\org\hamcrest\hamcrest-core\1.3\hamcrest-core-1.3.jar;"/>
    <property name="java.vm.vendor" value="Oracle Corporation"/>
    <property name="sun.arch.data.model" value="64"/>
    <property name="user.variant" value=""/>
    <property name="java.vendor.url" value="http://java.oracle.com/"/>
    <property name="user.timezone" value="Europe/Belgrade"/>
    <property name="java.vm.specification.version" value="1.8"/>
    <property name="os.name" value="Windows 10"/>
    <property name="user.country" value="PL"/>
    <property name="sun.java.launcher" value="SUN_STANDARD"/>
    <property name="sun.boot.library.path" value="D:\lib\java\jdk\1.8.0_152\jre\bin"/>
    <property name="sun.java.command" value="C:\Users\Grz\AppData\Local\Temp\surefire755189096293117899\surefirebooter8770947534617537816.jar C:\Users\Grz\AppData\Local\Temp\surefire755189096293117899 2018-12-08T17-11-46_651-jvmRun1 surefire7318923697343230117tmp surefire_01617789656843940141tmp"/>
    <property name="surefire.test.class.path" value="d:\dev\pja\tau-help\ex1\target\test-classes;d:\dev\pja\tau-help\ex1\target\classes;C:\Users\Grz\.m2\repository\junit\junit\4.12\junit-4.12.jar;C:\Users\Grz\.m2\repository\org\hamcrest\hamcrest-core\1.3\hamcrest-core-1.3.jar;"/>
    <property name="sun.cpu.endian" value="little"/>
    <property name="user.home" value="C:\Users\Grz"/>
    <property name="user.language" value="pl"/>
    <property name="java.specification.vendor" value="Oracle Corporation"/>
    <property name="java.home" value="D:\lib\java\jdk\1.8.0_152\jre"/>
    <property name="basedir" value="d:\dev\pja\tau-help\ex1"/>
    <property name="file.separator" value="\"/>
    <property name="line.separator" value="&#10;"/>
    <property name="java.vm.specification.vendor" value="Oracle Corporation"/>
    <property name="java.specification.name" value="Java Platform API Specification"/>
    <property name="java.awt.graphicsenv" value="sun.awt.Win32GraphicsEnvironment"/>
    <property name="surefire.real.class.path" value="C:\Users\Grz\AppData\Local\Temp\surefire755189096293117899\surefirebooter8770947534617537816.jar"/>
    <property name="sun.boot.class.path" value="D:\lib\java\jdk\1.8.0_152\jre\lib\resources.jar;D:\lib\java\jdk\1.8.0_152\jre\lib\rt.jar;D:\lib\java\jdk\1.8.0_152\jre\lib\sunrsasign.jar;D:\lib\java\jdk\1.8.0_152\jre\lib\jsse.jar;D:\lib\java\jdk\1.8.0_152\jre\lib\jce.jar;D:\lib\java\jdk\1.8.0_152\jre\lib\charsets.jar;D:\lib\java\jdk\1.8.0_152\jre\lib\jfr.jar;D:\lib\java\jdk\1.8.0_152\jre\classes"/>
    <property name="user.script" value=""/>
    <property name="sun.management.compiler" value="HotSpot 64-Bit Tiered Compilers"/>
    <property name="java.runtime.version" value="1.8.0_152-b16"/>
    <property name="user.name" value="Grz"/>
    <property name="path.separator" value=";"/>
    <property name="os.version" value="10.0"/>
    <property name="java.endorsed.dirs" value="D:\lib\java\jdk\1.8.0_152\jre\lib\endorsed"/>
    <property name="java.runtime.name" value="Java(TM) SE Runtime Environment"/>
    <property name="file.encoding" value="Cp1250"/>
    <property name="java.vm.name" value="Java HotSpot(TM) 64-Bit Server VM"/>
    <property name="localRepository" value="C:\Users\Grz\.m2\repository"/>
    <property name="java.vendor.url.bug" value="http://bugreport.sun.com/bugreport/"/>
    <property name="java.io.tmpdir" value="C:\Users\Grz\AppData\Local\Temp\"/>
    <property name="java.version" value="1.8.0_152"/>
    <property name="user.dir" value="d:\dev\pja\tau-help\ex1"/>
    <property name="os.arch" value="amd64"/>
    <property name="java.vm.specification.name" value="Java Virtual Machine Specification"/>
    <property name="java.awt.printerjob" value="sun.awt.windows.WPrinterJob"/>
    <property name="sun.os.patch.level" value=""/>
    <property name="java.library.path" value="D:\lib\java\jdk\1.8.0_152\jre\bin;C:\WINDOWS\Sun\Java\bin;C:\WINDOWS\system32;C:\WINDOWS;D:\apps\cmder\bin;D:\apps\cmder\vendor\conemu-maximus5\ConEmu\Scripts;D:\apps\cmder\vendor\conemu-maximus5;D:\apps\cmder\vendor\conemu-maximus5\ConEmu;C:\ProgramData\DockerDesktop\version-bin;C:\Program Files\Docker\Docker\Resources\bin;D:\apps\cmder;D:\lib\Python27\;D:\lib\Python27\Scripts;D:\lib\pgsql\32\10.1\bin;D:\lib\java\jdk\1.8.0_152\bin;D:\lib\gradle\4.6\bin;D:\lib\mvn\3.5.0\bin;D:\lib\nodejs;D:\lib\xampp7.1.11\php;D:\lib\python27\Scripts;D:\lib\python27;D:\lib\xampp\mysql\bin;D:\apps\aria2;C:\Program Files (x86)\PuTTY;C:\Program Files (x86)\Intel\iCLS Client\;C:\Program Files\Intel\iCLS Client\;C:\Windows\system32;C:\Windows;C:\Windows\System32\Wbem;C:\Windows\System32\WindowsPowerShell\v1.0\;C:\WINDOWS\system32;C:\WINDOWS;C:\WINDOWS\System32\Wbem;C:\WINDOWS\System32\WindowsPowerShell\v1.0\;C:\Program Files (x86)\Intel\Intel(R) Management Engine Components\DAL;C:\Program Files\Intel\Intel(R) Management Engine Components\DAL;C:\Program Files (x86)\Intel\Intel(R) Management Engine Components\IPT;C:\Program Files\Intel\Intel(R) Management Engine Components\IPT;C:\Program Files\cURL\bin;C:\Program Files\Oracle\VirtualBox;D:\lib\CMake\bin;C:\ProgramData\ComposerSetup\bin;D:\lib\Qt\Qt5.9.0\5.9\mingw53_32\bin;D:\lib\Qt\Qt5.9.0\Tools\QtCreator\bin;D:\lib\Qt\Qt5.9.0\Tools\mingw530_32\bin;C:\Program Files (x86)\pgmodeler;C:\ProgramData\chocolatey\bin;C:\WINDOWS\System32\OpenSSH\;C:\Program Files (x86)\NVIDIA Corporation\PhysX\Common;C:\Program Files\Intel\WiFi\bin\;C:\Program Files\Common Files\Intel\WirelessCommon\;D:\lib\ant\bin;C:\Program Files (x86)\Gpg4win\..\GnuPG\bin;C:\Program Files\TortoiseSVN\bin;C:\Program Files\TortoiseGit\bin;C:\Program Files (x86)\WinMerge;C:\Program Files (x86)\GTK2-Runtime\bin;D:\lib\nodejs\;D:\lib\git\cmd;D:\lib\jruby-9.1.12.0\bin;d:\lib\Ruby22\bin;C:\Users\Grz\AppData\Local\Microsoft\WindowsApps;C:\Users\Grz\AppData\Local\Microsoft\WindowsApps;C:\Users\Grz\AppData\Roaming\Composer\vendor\bin;C:\tools\dart-sdk\bin;C:\Users\Grz\AppData\Roaming\Pub\Cache\bin;C:\Users\Grz\AppData\Roaming\npm;C:\Users\Grz\AppData\Local\Programs\Microsoft VS Code\bin;D:\lib\git\mingw64;D:\lib\git\usr\bin;."/>
    <property name="java.vm.info" value="mixed mode"/>
    <property name="java.vendor" value="Oracle Corporation"/>
    <property name="java.vm.version" value="25.152-b16"/>
    <property name="java.ext.dirs" value="D:\lib\java\jdk\1.8.0_152\jre\lib\ext;C:\WINDOWS\Sun\Java\lib\ext"/>
    <property name="sun.io.unicode.encoding" value="UnicodeLittle"/>
    <property name="java.class.version" value="52.0"/>
  </properties>
  <testcase name="testNotNullDietList" classname="pjatk.tau.ArrayListDietServiceTests" time="0.001"/>
  <testcase name="testUpdateDiet" classname="pjatk.tau.ArrayListDietServiceTests" time="0.068"/>
  <testcase name="testThrowExceptionWhenNoDietsWereAdded" classname="pjatk.tau.ArrayListDietServiceTests" time="0.001"/>
  <testcase name="testGettingAllDiets" classname="pjatk.tau.ArrayListDietServiceTests" time="0"/>
  <testcase name="testDietDeletion" classname="pjatk.tau.ArrayListDietServiceTests" time="0.002"/>
  <testcase name="testAddingNewDietAndCheckingIfTheIdIsUpdated" classname="pjatk.tau.ArrayListDietServiceTests" time="0"/>
  <testcase name="testGettingOneDietFromMemory" classname="pjatk.tau.ArrayListDietServiceTests" time="0"/>
</testsuite>